<?xml version="1.0" encoding="UTF-8"?>
<!-- Generated by org.testng.reporters.JUnitReportReporter -->
<testsuite hostname="DESKTOP-7RMACVL" failures="0" tests="3" name="testng.parameterization.DataProviderWithExcelSheet" time="34.050" errors="0" timestamp="2024-07-04T12:57:23 IST" skipped="0">
  <testcase classname="testng.parameterization.DataProviderWithExcelSheet" name="verifyBestInstitute" time="8.820"/>
  <testcase classname="testng.parameterization.DataProviderWithExcelSheet" name="verifyBestInstitute" time="8.687"/>
  <testcase classname="testng.parameterization.DataProviderWithExcelSheet" name="verifyBestInstitute" time="16.543"/>
</testsuite> <!-- testng.parameterization.DataProviderWithExcelSheet -->
